<?xml version="1.0" encoding="utf-8"?><testsuites name="pytest tests"><testsuite name="pytest" errors="0" failures="0" skipped="0" tests="19" time="7.743" timestamp="2026-02-12T17:24:25.758975+00:00" hostname="agent-env-24527921-535d-4588-aa0b-1ce8020d85f3"><testcase classname="backend.tests.test_api.TestHealthCheck" name="test_api_root" time="0.080" /><testcase classname="backend.tests.test_api.TestCallbackEndpoint" name="test_create_callback_success" time="0.492" /><testcase classname="backend.tests.test_api.TestCallbackEndpoint" name="test_create_callback_phone_only" time="0.404" /><testcase classname="backend.tests.test_api.TestCallbackEndpoint" name="test_create_callback_missing_phone" time="0.034" /><testcase classname="backend.tests.test_api.TestConsultationEndpoint" name="test_create_consultation_success" time="1.241" /><testcase classname="backend.tests.test_api.TestConsultationEndpoint" name="test_create_consultation_without_phone" time="0.937" /><testcase classname="backend.tests.test_api.TestConsultationEndpoint" name="test_create_consultation_with_sms_consent" time="0.988" /><testcase classname="backend.tests.test_api.TestConsultationEndpoint" name="test_create_consultation_without_sms_consent" time="1.103" /><testcase classname="backend.tests.test_api.TestConsultationEndpoint" name="test_create_consultation_required_fields_only" time="0.942" /><testcase classname="backend.tests.test_api.TestConsultationEndpoint" name="test_create_consultation_missing_required_field" time="0.032" /><testcase classname="backend.tests.test_api.TestSMSConsentVerification" name="test_sms_consent_stored_and_returned" time="1.102" /><testcase classname="backend.tests.test_api.TestAdminEndpoints" name="test_admin_stats" time="0.047" /><testcase classname="backend.tests.test_api.TestAdminEndpoints" name="test_admin_consultations_list" time="0.041" /><testcase classname="backend.tests.test_api.TestAdminEndpoints" name="test_admin_callbacks_list" time="0.038" /><testcase classname="backend.tests.test_api.TestConsultationStatusEndpoint" name="test_status_invalid_session" time="0.039" /><testcase classname="backend.tests.test_api.TestStripeWebhook" name="test_webhook_checkout_completed" time="0.037" /><testcase classname="backend.tests.test_api.TestStripeWebhook" name="test_webhook_async_payment_succeeded" time="0.034" /><testcase classname="backend.tests.test_api.TestStripeWebhook" name="test_webhook_unknown_event" time="0.036" /><testcase classname="backend.tests.test_api.TestStripeWebhook" name="test_webhook_invalid_payload" time="0.034" /></testsuite></testsuites>