<?xml version="1.0" encoding="utf-8"?><testsuites name="pytest tests"><testsuite name="pytest" errors="0" failures="0" skipped="0" tests="15" time="3.062" timestamp="2026-02-12T16:43:23.356673+00:00" hostname="agent-env-24527921-535d-4588-aa0b-1ce8020d85f3"><testcase classname="backend.tests.test_api.TestHealthCheck" name="test_api_root" time="0.057" /><testcase classname="backend.tests.test_api.TestCallbackEndpoint" name="test_create_callback_success" time="0.381" /><testcase classname="backend.tests.test_api.TestCallbackEndpoint" name="test_create_callback_phone_only" time="0.316" /><testcase classname="backend.tests.test_api.TestCallbackEndpoint" name="test_create_callback_missing_phone" time="0.051" /><testcase classname="backend.tests.test_api.TestConsultationEndpoint" name="test_create_consultation_success" time="1.046" /><testcase classname="backend.tests.test_api.TestConsultationEndpoint" name="test_create_consultation_required_fields_only" time="0.818" /><testcase classname="backend.tests.test_api.TestConsultationEndpoint" name="test_create_consultation_missing_required_field" time="0.036" /><testcase classname="backend.tests.test_api.TestAdminEndpoints" name="test_admin_stats" time="0.036" /><testcase classname="backend.tests.test_api.TestAdminEndpoints" name="test_admin_consultations_list" time="0.047" /><testcase classname="backend.tests.test_api.TestAdminEndpoints" name="test_admin_callbacks_list" time="0.036" /><testcase classname="backend.tests.test_api.TestConsultationStatusEndpoint" name="test_status_invalid_session" time="0.033" /><testcase classname="backend.tests.test_api.TestStripeWebhook" name="test_webhook_checkout_completed" time="0.033" /><testcase classname="backend.tests.test_api.TestStripeWebhook" name="test_webhook_async_payment_succeeded" time="0.034" /><testcase classname="backend.tests.test_api.TestStripeWebhook" name="test_webhook_unknown_event" time="0.039" /><testcase classname="backend.tests.test_api.TestStripeWebhook" name="test_webhook_invalid_payload" time="0.034" /></testsuite></testsuites>